2020-02-18 00:00:01,186 INFO 19092 [egg-logrotator] app logger reload: got log-reload message
2020-02-18 04:30:00,302 INFO 19092 [-/127.0.0.1/-/23ms SCHEDULE /__schedule?path=/Users/wangpeng/learn/app/lengband-blog/lengband-blog-service-mongo/node_modules/egg-multipart/app/schedule/clean_tmpdir.js&type=worker&cron=0%2030%204%20*%20*%20*&immediate=false] [egg-multipart:CleanTmpdir] start clean tmpdir: "/var/folders/6m/kv07ckbs31sfhv52xb5xwqbc0000gn/T/egg-multipart-tmp/lengband-blog-service-mongo"
2020-02-18 04:30:00,313 INFO 19092 [-/127.0.0.1/-/46ms SCHEDULE /__schedule?path=/Users/wangpeng/learn/app/lengband-blog/lengband-blog-service-mongo/node_modules/egg-multipart/app/schedule/clean_tmpdir.js&type=worker&cron=0%2030%204%20*%20*%20*&immediate=false] [egg-multipart:CleanTmpdir] end
2020-02-18 09:21:49,979 INFO 26738 [egg:logger] init all loggers with options: {"dir":"/Users/wangpeng/learn/app/lengband-blog/lengband-blog-service-mongo/logs/lengband-blog-service-mongo","encoding":"utf8","env":"local","level":"INFO","consoleLevel":"INFO","disableConsoleAfterReady":false,"outputJSON":false,"buffer":true,"appLogName":"lengband-blog-service-mongo-web.log","coreLogName":"egg-web.log","agentLogName":"egg-agent.log","errorLogName":"common-error.log","coreLogger":{"consoleLevel":"WARN"},"allowDebugAtProd":false,"type":"application"}
2020-02-18 09:21:50,007 INFO 26738 [egg-multipart] stream mode enable
2020-02-18 09:21:50,430 INFO 26738 [egg-mongoose] connecting mongodb://127.0.0.1/lengband_blog
2020-02-18 09:21:50,514 INFO 26738 [egg-static] starting static serve /public/ -> /Users/wangpeng/learn/app/lengband-blog/lengband-blog-service-mongo/app/public
2020-02-18 09:21:50,516 INFO 26738 [egg-security] use methodnoallow middleware
2020-02-18 09:21:50,516 INFO 26738 [egg-security] use noopen middleware
2020-02-18 09:21:50,517 INFO 26738 [egg-security] use nosniff middleware
2020-02-18 09:21:50,517 INFO 26738 [egg-security] use xssProtection middleware
2020-02-18 09:21:50,518 INFO 26738 [egg-security] use xframe middleware
2020-02-18 09:21:50,518 INFO 26738 [egg-security] use dta middleware
2020-02-18 09:21:50,518 INFO 26738 [egg-security] compose 6 middlewares into one security middleware
2020-02-18 09:21:50,531 INFO 26738 [egg:core] dump config after load, 5ms
2020-02-18 09:21:50,535 INFO 26738 [egg-mongoose] starting...
2020-02-18 09:21:50,586 INFO 26738 [egg-watcher:application] watcher start success
2020-02-18 09:21:50,591 INFO 26738 [egg-mongoose] mongodb://127.0.0.1/lengband_blog connected successfully
2020-02-18 09:21:50,592 INFO 26738 [egg-mongoose] instance[0] start successfully
2020-02-18 09:21:50,602 INFO 26738 [egg:core] dump config after ready, 9ms
2020-02-18 09:24:18,672 INFO 27083 [egg:logger] init all loggers with options: {"dir":"/Users/wangpeng/learn/app/lengband-blog/lengband-blog-service-mongo/logs/lengband-blog-service-mongo","encoding":"utf8","env":"local","level":"INFO","consoleLevel":"INFO","disableConsoleAfterReady":false,"outputJSON":false,"buffer":true,"appLogName":"lengband-blog-service-mongo-web.log","coreLogName":"egg-web.log","agentLogName":"egg-agent.log","errorLogName":"common-error.log","coreLogger":{"consoleLevel":"WARN"},"allowDebugAtProd":false,"type":"application"}
2020-02-18 09:24:18,691 INFO 27083 [egg-multipart] stream mode enable
2020-02-18 09:24:19,014 INFO 27083 [egg-mongoose] connecting mongodb://127.0.0.1/lengband_blog
2020-02-18 09:24:19,082 INFO 27083 [egg-static] starting static serve /public/ -> /Users/wangpeng/learn/app/lengband-blog/lengband-blog-service-mongo/app/public
2020-02-18 09:24:19,084 INFO 27083 [egg-security] use methodnoallow middleware
2020-02-18 09:24:19,085 INFO 27083 [egg-security] use noopen middleware
2020-02-18 09:24:19,086 INFO 27083 [egg-security] use nosniff middleware
2020-02-18 09:24:19,086 INFO 27083 [egg-security] use xssProtection middleware
2020-02-18 09:24:19,087 INFO 27083 [egg-security] use xframe middleware
2020-02-18 09:24:19,088 INFO 27083 [egg-security] use dta middleware
2020-02-18 09:24:19,088 INFO 27083 [egg-security] compose 6 middlewares into one security middleware
2020-02-18 09:24:19,099 INFO 27083 [egg:core] dump config after load, 4ms
2020-02-18 09:24:19,102 INFO 27083 [egg-mongoose] starting...
2020-02-18 09:24:19,146 INFO 27083 [egg-mongoose] mongodb://127.0.0.1/lengband_blog connected successfully
2020-02-18 09:24:19,147 INFO 27083 [egg-mongoose] instance[0] start successfully
2020-02-18 09:24:19,149 INFO 27083 [egg-watcher:application] watcher start success
2020-02-18 09:24:19,156 INFO 27083 [egg:core] dump config after ready, 4ms
2020-02-18 09:28:57,639 INFO 27382 [egg:logger] init all loggers with options: {"dir":"/Users/wangpeng/learn/app/lengband-blog/lengband-blog-service-mongo/logs/lengband-blog-service-mongo","encoding":"utf8","env":"local","level":"INFO","consoleLevel":"INFO","disableConsoleAfterReady":false,"outputJSON":false,"buffer":true,"appLogName":"lengband-blog-service-mongo-web.log","coreLogName":"egg-web.log","agentLogName":"egg-agent.log","errorLogName":"common-error.log","coreLogger":{"consoleLevel":"WARN"},"allowDebugAtProd":false,"type":"application"}
2020-02-18 09:28:57,676 INFO 27382 [egg-multipart] stream mode enable
2020-02-18 09:28:58,480 INFO 27382 [egg-mongoose] connecting mongodb://127.0.0.1/lengband_blog
2020-02-18 09:28:58,589 INFO 27382 [egg-static] starting static serve /public/ -> /Users/wangpeng/learn/app/lengband-blog/lengband-blog-service-mongo/app/public
2020-02-18 09:28:58,591 INFO 27382 [egg-security] use methodnoallow middleware
2020-02-18 09:28:58,591 INFO 27382 [egg-security] use noopen middleware
2020-02-18 09:28:58,592 INFO 27382 [egg-security] use nosniff middleware
2020-02-18 09:28:58,592 INFO 27382 [egg-security] use xssProtection middleware
2020-02-18 09:28:58,593 INFO 27382 [egg-security] use xframe middleware
2020-02-18 09:28:58,594 INFO 27382 [egg-security] use dta middleware
2020-02-18 09:28:58,594 INFO 27382 [egg-security] compose 6 middlewares into one security middleware
2020-02-18 09:28:58,609 INFO 27382 [egg:core] dump config after load, 5ms
2020-02-18 09:28:58,613 INFO 27382 [egg-mongoose] starting...
2020-02-18 09:28:58,652 INFO 27382 [egg-mongoose] mongodb://127.0.0.1/lengband_blog connected successfully
2020-02-18 09:28:58,653 INFO 27382 [egg-mongoose] instance[0] start successfully
2020-02-18 09:28:58,654 INFO 27382 [egg-watcher:application] watcher start success
2020-02-18 09:28:58,660 INFO 27382 [egg:core] dump config after ready, 4ms
2020-02-18 09:36:49,614 INFO 27461 [egg:logger] init all loggers with options: {"dir":"/Users/wangpeng/learn/app/lengband-blog/lengband-blog-service-mongo/logs/lengband-blog-service-mongo","encoding":"utf8","env":"local","level":"INFO","consoleLevel":"INFO","disableConsoleAfterReady":false,"outputJSON":false,"buffer":true,"appLogName":"lengband-blog-service-mongo-web.log","coreLogName":"egg-web.log","agentLogName":"egg-agent.log","errorLogName":"common-error.log","coreLogger":{"consoleLevel":"WARN"},"allowDebugAtProd":false,"type":"application"}
2020-02-18 09:36:49,641 INFO 27461 [egg-multipart] stream mode enable
2020-02-18 09:36:50,058 INFO 27461 [egg-mongoose] connecting mongodb://127.0.0.1/lengband_blog
2020-02-18 09:36:50,153 INFO 27461 [egg-static] starting static serve /public/ -> /Users/wangpeng/learn/app/lengband-blog/lengband-blog-service-mongo/app/public
2020-02-18 09:36:50,155 INFO 27461 [egg-security] use methodnoallow middleware
2020-02-18 09:36:50,156 INFO 27461 [egg-security] use noopen middleware
2020-02-18 09:36:50,157 INFO 27461 [egg-security] use nosniff middleware
2020-02-18 09:36:50,157 INFO 27461 [egg-security] use xssProtection middleware
2020-02-18 09:36:50,158 INFO 27461 [egg-security] use xframe middleware
2020-02-18 09:36:50,159 INFO 27461 [egg-security] use dta middleware
2020-02-18 09:36:50,159 INFO 27461 [egg-security] compose 6 middlewares into one security middleware
2020-02-18 09:36:50,172 INFO 27461 [egg:core] dump config after load, 4ms
2020-02-18 09:36:50,175 INFO 27461 [egg-mongoose] starting...
2020-02-18 09:36:50,200 INFO 27461 [egg-mongoose] mongodb://127.0.0.1/lengband_blog connected successfully
2020-02-18 09:36:50,201 INFO 27461 [egg-mongoose] instance[0] start successfully
2020-02-18 09:36:50,203 INFO 27461 [egg-watcher:application] watcher start success
2020-02-18 09:36:50,209 INFO 27461 [egg:core] dump config after ready, 4ms
2020-02-18 10:40:19,199 INFO 28384 [egg:logger] init all loggers with options: {"dir":"/Users/wangpeng/learn/app/lengband-blog/lengband-blog-service-mongo/logs/lengband-blog-service-mongo","encoding":"utf8","env":"local","level":"INFO","consoleLevel":"INFO","disableConsoleAfterReady":false,"outputJSON":false,"buffer":true,"appLogName":"lengband-blog-service-mongo-web.log","coreLogName":"egg-web.log","agentLogName":"egg-agent.log","errorLogName":"common-error.log","coreLogger":{"consoleLevel":"WARN"},"allowDebugAtProd":false,"type":"application"}
2020-02-18 10:40:19,243 INFO 28384 [egg-multipart] stream mode enable
2020-02-18 10:40:19,853 INFO 28384 [egg-mongoose] connecting mongodb://127.0.0.1/lengband_blog
2020-02-18 10:40:19,960 INFO 28384 [egg-static] starting static serve /public/ -> /Users/wangpeng/learn/app/lengband-blog/lengband-blog-service-mongo/app/public
2020-02-18 10:40:19,963 INFO 28384 [egg-security] use methodnoallow middleware
2020-02-18 10:40:19,964 INFO 28384 [egg-security] use noopen middleware
2020-02-18 10:40:19,965 INFO 28384 [egg-security] use nosniff middleware
2020-02-18 10:40:19,966 INFO 28384 [egg-security] use xssProtection middleware
2020-02-18 10:40:19,967 INFO 28384 [egg-security] use xframe middleware
2020-02-18 10:40:19,968 INFO 28384 [egg-security] use dta middleware
2020-02-18 10:40:19,968 INFO 28384 [egg-security] compose 6 middlewares into one security middleware
2020-02-18 10:40:19,985 INFO 28384 [egg:core] dump config after load, 6ms
2020-02-18 10:40:19,995 INFO 28384 [egg-mongoose] starting...
2020-02-18 10:40:20,032 INFO 28384 [egg-mongoose] mongodb://127.0.0.1/lengband_blog connected successfully
2020-02-18 10:40:20,033 INFO 28384 [egg-mongoose] instance[0] start successfully
2020-02-18 10:40:20,035 INFO 28384 [egg-watcher:application] watcher start success
2020-02-18 10:40:20,045 INFO 28384 [egg:core] dump config after ready, 9ms
2020-02-18 10:40:45,745 INFO 28411 [egg:logger] init all loggers with options: {"dir":"/Users/wangpeng/learn/app/lengband-blog/lengband-blog-service-mongo/logs/lengband-blog-service-mongo","encoding":"utf8","env":"local","level":"INFO","consoleLevel":"INFO","disableConsoleAfterReady":false,"outputJSON":false,"buffer":true,"appLogName":"lengband-blog-service-mongo-web.log","coreLogName":"egg-web.log","agentLogName":"egg-agent.log","errorLogName":"common-error.log","coreLogger":{"consoleLevel":"WARN"},"allowDebugAtProd":false,"type":"application"}
2020-02-18 10:40:45,771 INFO 28411 [egg-multipart] stream mode enable
2020-02-18 10:40:46,055 INFO 28411 [egg-mongoose] connecting mongodb://127.0.0.1/lengband_blog
2020-02-18 10:40:46,133 INFO 28411 [egg-static] starting static serve /public/ -> /Users/wangpeng/learn/app/lengband-blog/lengband-blog-service-mongo/app/public
2020-02-18 10:40:46,135 INFO 28411 [egg-security] use methodnoallow middleware
2020-02-18 10:40:46,136 INFO 28411 [egg-security] use noopen middleware
2020-02-18 10:40:46,137 INFO 28411 [egg-security] use nosniff middleware
2020-02-18 10:40:46,137 INFO 28411 [egg-security] use xssProtection middleware
2020-02-18 10:40:46,138 INFO 28411 [egg-security] use xframe middleware
2020-02-18 10:40:46,138 INFO 28411 [egg-security] use dta middleware
2020-02-18 10:40:46,138 INFO 28411 [egg-security] compose 6 middlewares into one security middleware
2020-02-18 10:40:46,151 INFO 28411 [egg:core] dump config after load, 4ms
2020-02-18 10:40:46,154 INFO 28411 [egg-mongoose] starting...
2020-02-18 10:40:46,180 INFO 28411 [egg-mongoose] mongodb://127.0.0.1/lengband_blog connected successfully
2020-02-18 10:40:46,181 INFO 28411 [egg-mongoose] instance[0] start successfully
2020-02-18 10:40:46,183 INFO 28411 [egg-watcher:application] watcher start success
2020-02-18 10:40:46,189 INFO 28411 [egg:core] dump config after ready, 5ms
2020-02-18 10:40:54,135 INFO 28429 [egg:logger] init all loggers with options: {"dir":"/Users/wangpeng/learn/app/lengband-blog/lengband-blog-service-mongo/logs/lengband-blog-service-mongo","encoding":"utf8","env":"local","level":"INFO","consoleLevel":"INFO","disableConsoleAfterReady":false,"outputJSON":false,"buffer":true,"appLogName":"lengband-blog-service-mongo-web.log","coreLogName":"egg-web.log","agentLogName":"egg-agent.log","errorLogName":"common-error.log","coreLogger":{"consoleLevel":"WARN"},"allowDebugAtProd":false,"type":"application"}
2020-02-18 10:40:54,155 INFO 28429 [egg-multipart] stream mode enable
2020-02-18 10:40:54,332 INFO 28429 [egg-mongoose] connecting mongodb://127.0.0.1/lengband_blog
2020-02-18 10:40:54,387 INFO 28429 [egg-static] starting static serve /public/ -> /Users/wangpeng/learn/app/lengband-blog/lengband-blog-service-mongo/app/public
2020-02-18 10:40:54,389 INFO 28429 [egg-security] use methodnoallow middleware
2020-02-18 10:40:54,389 INFO 28429 [egg-security] use noopen middleware
2020-02-18 10:40:54,390 INFO 28429 [egg-security] use nosniff middleware
2020-02-18 10:40:54,390 INFO 28429 [egg-security] use xssProtection middleware
2020-02-18 10:40:54,391 INFO 28429 [egg-security] use xframe middleware
2020-02-18 10:40:54,391 INFO 28429 [egg-security] use dta middleware
2020-02-18 10:40:54,391 INFO 28429 [egg-security] compose 6 middlewares into one security middleware
2020-02-18 10:40:54,405 INFO 28429 [egg:core] dump config after load, 7ms
2020-02-18 10:40:54,410 INFO 28429 [egg-mongoose] starting...
2020-02-18 10:40:54,440 INFO 28429 [egg-mongoose] mongodb://127.0.0.1/lengband_blog connected successfully
2020-02-18 10:40:54,441 INFO 28429 [egg-mongoose] instance[0] start successfully
2020-02-18 10:40:54,443 INFO 28429 [egg-watcher:application] watcher start success
2020-02-18 10:40:54,450 INFO 28429 [egg:core] dump config after ready, 6ms
2020-02-18 10:43:39,325 INFO 28462 [egg:logger] init all loggers with options: {"dir":"/Users/wangpeng/learn/app/lengband-blog/lengband-blog-service-mongo/logs/lengband-blog-service-mongo","encoding":"utf8","env":"local","level":"INFO","consoleLevel":"INFO","disableConsoleAfterReady":false,"outputJSON":false,"buffer":true,"appLogName":"lengband-blog-service-mongo-web.log","coreLogName":"egg-web.log","agentLogName":"egg-agent.log","errorLogName":"common-error.log","coreLogger":{"consoleLevel":"WARN"},"allowDebugAtProd":false,"type":"application"}
2020-02-18 10:43:39,353 INFO 28462 [egg-multipart] stream mode enable
2020-02-18 10:43:39,786 INFO 28462 [egg-mongoose] connecting mongodb://127.0.0.1/lengband_blog
2020-02-18 10:43:39,882 INFO 28462 [egg-static] starting static serve /public/ -> /Users/wangpeng/learn/app/lengband-blog/lengband-blog-service-mongo/app/public
2020-02-18 10:43:39,884 INFO 28462 [egg-security] use methodnoallow middleware
2020-02-18 10:43:39,885 INFO 28462 [egg-security] use noopen middleware
2020-02-18 10:43:39,886 INFO 28462 [egg-security] use nosniff middleware
2020-02-18 10:43:39,887 INFO 28462 [egg-security] use xssProtection middleware
2020-02-18 10:43:39,887 INFO 28462 [egg-security] use xframe middleware
2020-02-18 10:43:39,888 INFO 28462 [egg-security] use dta middleware
2020-02-18 10:43:39,888 INFO 28462 [egg-security] compose 6 middlewares into one security middleware
2020-02-18 10:43:39,914 INFO 28462 [egg:core] dump config after load, 6ms
2020-02-18 10:43:39,919 INFO 28462 [egg-mongoose] starting...
2020-02-18 10:43:39,954 INFO 28462 [egg-mongoose] mongodb://127.0.0.1/lengband_blog connected successfully
2020-02-18 10:43:39,955 INFO 28462 [egg-mongoose] instance[0] start successfully
2020-02-18 10:43:39,958 INFO 28462 [egg-watcher:application] watcher start success
2020-02-18 10:43:39,969 INFO 28462 [egg:core] dump config after ready, 10ms
2020-02-18 10:43:42,672 INFO 28473 [egg:logger] init all loggers with options: {"dir":"/Users/wangpeng/learn/app/lengband-blog/lengband-blog-service-mongo/logs/lengband-blog-service-mongo","encoding":"utf8","env":"local","level":"INFO","consoleLevel":"INFO","disableConsoleAfterReady":false,"outputJSON":false,"buffer":true,"appLogName":"lengband-blog-service-mongo-web.log","coreLogName":"egg-web.log","agentLogName":"egg-agent.log","errorLogName":"common-error.log","coreLogger":{"consoleLevel":"WARN"},"allowDebugAtProd":false,"type":"application"}
2020-02-18 10:43:42,694 INFO 28473 [egg-multipart] stream mode enable
2020-02-18 10:43:42,847 INFO 28473 [egg-mongoose] connecting mongodb://127.0.0.1/lengband_blog
2020-02-18 10:43:42,892 INFO 28473 [egg-static] starting static serve /public/ -> /Users/wangpeng/learn/app/lengband-blog/lengband-blog-service-mongo/app/public
2020-02-18 10:43:42,895 INFO 28473 [egg-security] use methodnoallow middleware
2020-02-18 10:43:42,895 INFO 28473 [egg-security] use noopen middleware
2020-02-18 10:43:42,895 INFO 28473 [egg-security] use nosniff middleware
2020-02-18 10:43:42,896 INFO 28473 [egg-security] use xssProtection middleware
2020-02-18 10:43:42,896 INFO 28473 [egg-security] use xframe middleware
2020-02-18 10:43:42,900 INFO 28473 [egg-security] use dta middleware
2020-02-18 10:43:42,900 INFO 28473 [egg-security] compose 6 middlewares into one security middleware
2020-02-18 10:43:42,914 INFO 28473 [egg:core] dump config after load, 8ms
2020-02-18 10:43:42,931 INFO 28473 [egg-mongoose] starting...
2020-02-18 10:43:43,071 INFO 28473 [egg-mongoose] mongodb://127.0.0.1/lengband_blog connected successfully
2020-02-18 10:43:43,084 INFO 28473 [egg-mongoose] instance[0] start successfully
2020-02-18 10:43:43,086 INFO 28473 [egg-watcher:application] watcher start success
2020-02-18 10:43:43,106 INFO 28473 [egg:core] dump config after ready, 16ms
2020-02-18 10:52:27,380 INFO 28684 [egg:logger] init all loggers with options: {"dir":"/Users/wangpeng/learn/app/lengband-blog/lengband-blog-service-mongo/logs/lengband-blog-service-mongo","encoding":"utf8","env":"local","level":"INFO","consoleLevel":"INFO","disableConsoleAfterReady":false,"outputJSON":false,"buffer":true,"appLogName":"lengband-blog-service-mongo-web.log","coreLogName":"egg-web.log","agentLogName":"egg-agent.log","errorLogName":"common-error.log","coreLogger":{"consoleLevel":"WARN"},"allowDebugAtProd":false,"type":"application"}
2020-02-18 10:52:27,421 INFO 28684 [egg-multipart] stream mode enable
2020-02-18 10:52:28,089 INFO 28684 [egg-mongoose] connecting mongodb://127.0.0.1/lengband_blog
2020-02-18 10:52:28,199 INFO 28684 [egg-static] starting static serve /public/ -> /Users/wangpeng/learn/app/lengband-blog/lengband-blog-service-mongo/app/public
2020-02-18 10:52:28,201 INFO 28684 [egg-security] use methodnoallow middleware
2020-02-18 10:52:28,201 INFO 28684 [egg-security] use noopen middleware
2020-02-18 10:52:28,202 INFO 28684 [egg-security] use nosniff middleware
2020-02-18 10:52:28,203 INFO 28684 [egg-security] use xssProtection middleware
2020-02-18 10:52:28,204 INFO 28684 [egg-security] use xframe middleware
2020-02-18 10:52:28,205 INFO 28684 [egg-security] use dta middleware
2020-02-18 10:52:28,205 INFO 28684 [egg-security] compose 6 middlewares into one security middleware
2020-02-18 10:52:28,221 INFO 28684 [egg:core] dump config after load, 6ms
2020-02-18 10:52:28,224 INFO 28684 [egg-mongoose] starting...
2020-02-18 10:52:28,329 INFO 28684 [egg-mongoose] mongodb://127.0.0.1/lengband_blog connected successfully
2020-02-18 10:52:28,331 INFO 28684 [egg-mongoose] instance[0] start successfully
2020-02-18 10:52:28,333 INFO 28684 [egg-watcher:application] watcher start success
2020-02-18 10:52:28,339 INFO 28684 [egg:core] dump config after ready, 5ms
2020-02-18 10:54:44,851 INFO 28734 [egg:logger] init all loggers with options: {"dir":"/Users/wangpeng/learn/app/lengband-blog/lengband-blog-service-mongo/logs/lengband-blog-service-mongo","encoding":"utf8","env":"local","level":"INFO","consoleLevel":"INFO","disableConsoleAfterReady":false,"outputJSON":false,"buffer":true,"appLogName":"lengband-blog-service-mongo-web.log","coreLogName":"egg-web.log","agentLogName":"egg-agent.log","errorLogName":"common-error.log","coreLogger":{"consoleLevel":"WARN"},"allowDebugAtProd":false,"type":"application"}
2020-02-18 10:54:44,885 INFO 28734 [egg-multipart] stream mode enable
2020-02-18 10:54:45,296 INFO 28734 [egg-mongoose] connecting mongodb://127.0.0.1/lengband_blog
2020-02-18 10:54:45,397 INFO 28734 [egg-static] starting static serve /public/ -> /Users/wangpeng/learn/app/lengband-blog/lengband-blog-service-mongo/app/public
2020-02-18 10:54:45,400 INFO 28734 [egg-security] use methodnoallow middleware
2020-02-18 10:54:45,400 INFO 28734 [egg-security] use noopen middleware
2020-02-18 10:54:45,401 INFO 28734 [egg-security] use nosniff middleware
2020-02-18 10:54:45,402 INFO 28734 [egg-security] use xssProtection middleware
2020-02-18 10:54:45,403 INFO 28734 [egg-security] use xframe middleware
2020-02-18 10:54:45,404 INFO 28734 [egg-security] use dta middleware
2020-02-18 10:54:45,404 INFO 28734 [egg-security] compose 6 middlewares into one security middleware
2020-02-18 10:54:45,418 INFO 28734 [egg:core] dump config after load, 4ms
2020-02-18 10:54:45,421 INFO 28734 [egg-mongoose] starting...
2020-02-18 10:54:45,464 INFO 28734 [egg-mongoose] mongodb://127.0.0.1/lengband_blog connected successfully
2020-02-18 10:54:45,465 INFO 28734 [egg-mongoose] instance[0] start successfully
2020-02-18 10:54:45,467 INFO 28734 [egg-watcher:application] watcher start success
2020-02-18 10:54:45,477 INFO 28734 [egg:core] dump config after ready, 9ms
2020-02-18 10:59:32,762 INFO 28789 [egg:logger] init all loggers with options: {"dir":"/Users/wangpeng/learn/app/lengband-blog/lengband-blog-service-mongo/logs/lengband-blog-service-mongo","encoding":"utf8","env":"local","level":"INFO","consoleLevel":"INFO","disableConsoleAfterReady":false,"outputJSON":false,"buffer":true,"appLogName":"lengband-blog-service-mongo-web.log","coreLogName":"egg-web.log","agentLogName":"egg-agent.log","errorLogName":"common-error.log","coreLogger":{"consoleLevel":"WARN"},"allowDebugAtProd":false,"type":"application"}
2020-02-18 10:59:32,787 INFO 28789 [egg-multipart] stream mode enable
2020-02-18 10:59:33,210 INFO 28789 [egg-mongoose] connecting mongodb://127.0.0.1/lengband_blog
2020-02-18 10:59:33,304 INFO 28789 [egg-static] starting static serve /public/ -> /Users/wangpeng/learn/app/lengband-blog/lengband-blog-service-mongo/app/public
2020-02-18 10:59:33,306 INFO 28789 [egg-security] use methodnoallow middleware
2020-02-18 10:59:33,307 INFO 28789 [egg-security] use noopen middleware
2020-02-18 10:59:33,307 INFO 28789 [egg-security] use nosniff middleware
2020-02-18 10:59:33,308 INFO 28789 [egg-security] use xssProtection middleware
2020-02-18 10:59:33,309 INFO 28789 [egg-security] use xframe middleware
2020-02-18 10:59:33,310 INFO 28789 [egg-security] use dta middleware
2020-02-18 10:59:33,310 INFO 28789 [egg-security] compose 6 middlewares into one security middleware
2020-02-18 10:59:33,327 INFO 28789 [egg:core] dump config after load, 7ms
2020-02-18 10:59:33,330 INFO 28789 [egg-mongoose] starting...
2020-02-18 10:59:33,358 INFO 28789 [egg-mongoose] mongodb://127.0.0.1/lengband_blog connected successfully
2020-02-18 10:59:33,359 INFO 28789 [egg-mongoose] instance[0] start successfully
2020-02-18 10:59:33,361 INFO 28789 [egg-watcher:application] watcher start success
2020-02-18 10:59:33,367 INFO 28789 [egg:core] dump config after ready, 5ms
2020-02-18 11:42:54,903 INFO 29408 [egg:logger] init all loggers with options: {"dir":"/Users/wangpeng/learn/app/lengband-blog/lengband-blog-service-mongo/logs/lengband-blog-service-mongo","encoding":"utf8","env":"local","level":"INFO","consoleLevel":"INFO","disableConsoleAfterReady":false,"outputJSON":false,"buffer":true,"appLogName":"lengband-blog-service-mongo-web.log","coreLogName":"egg-web.log","agentLogName":"egg-agent.log","errorLogName":"common-error.log","coreLogger":{"consoleLevel":"WARN"},"allowDebugAtProd":false,"type":"application"}
2020-02-18 11:42:54,947 INFO 29408 [egg-multipart] stream mode enable
2020-02-18 11:42:55,380 INFO 29408 [egg-mongoose] connecting mongodb://127.0.0.1/lengband_blog
2020-02-18 11:42:55,490 INFO 29408 [egg-static] starting static serve /public/ -> /Users/wangpeng/learn/app/lengband-blog/lengband-blog-service-mongo/app/public
2020-02-18 11:42:55,494 INFO 29408 [egg-security] use methodnoallow middleware
2020-02-18 11:42:55,494 INFO 29408 [egg-security] use noopen middleware
2020-02-18 11:42:55,495 INFO 29408 [egg-security] use nosniff middleware
2020-02-18 11:42:55,496 INFO 29408 [egg-security] use xssProtection middleware
2020-02-18 11:42:55,496 INFO 29408 [egg-security] use xframe middleware
2020-02-18 11:42:55,497 INFO 29408 [egg-security] use dta middleware
2020-02-18 11:42:55,497 INFO 29408 [egg-security] compose 6 middlewares into one security middleware
2020-02-18 11:42:55,508 INFO 29408 [egg:core] dump config after load, 4ms
2020-02-18 11:42:55,510 INFO 29408 [egg-mongoose] starting...
2020-02-18 11:42:55,537 INFO 29408 [egg-mongoose] mongodb://127.0.0.1/lengband_blog connected successfully
2020-02-18 11:42:55,539 INFO 29408 [egg-mongoose] instance[0] start successfully
2020-02-18 11:42:55,542 INFO 29408 [egg-watcher:application] watcher start success
2020-02-18 11:42:55,549 INFO 29408 [egg:core] dump config after ready, 6ms
2020-02-18 11:43:16,904 INFO 29432 [egg:logger] init all loggers with options: {"dir":"/Users/wangpeng/learn/app/lengband-blog/lengband-blog-service-mongo/logs/lengband-blog-service-mongo","encoding":"utf8","env":"local","level":"INFO","consoleLevel":"INFO","disableConsoleAfterReady":false,"outputJSON":false,"buffer":true,"appLogName":"lengband-blog-service-mongo-web.log","coreLogName":"egg-web.log","agentLogName":"egg-agent.log","errorLogName":"common-error.log","coreLogger":{"consoleLevel":"WARN"},"allowDebugAtProd":false,"type":"application"}
2020-02-18 11:43:16,923 INFO 29432 [egg-multipart] stream mode enable
2020-02-18 11:43:17,113 INFO 29432 [egg-mongoose] connecting mongodb://127.0.0.1/lengband_blog
2020-02-18 11:43:17,161 INFO 29432 [egg-static] starting static serve /public/ -> /Users/wangpeng/learn/app/lengband-blog/lengband-blog-service-mongo/app/public
2020-02-18 11:43:17,162 INFO 29432 [egg-security] use methodnoallow middleware
2020-02-18 11:43:17,162 INFO 29432 [egg-security] use noopen middleware
2020-02-18 11:43:17,163 INFO 29432 [egg-security] use nosniff middleware
2020-02-18 11:43:17,163 INFO 29432 [egg-security] use xssProtection middleware
2020-02-18 11:43:17,163 INFO 29432 [egg-security] use xframe middleware
2020-02-18 11:43:17,163 INFO 29432 [egg-security] use dta middleware
2020-02-18 11:43:17,163 INFO 29432 [egg-security] compose 6 middlewares into one security middleware
2020-02-18 11:43:17,172 INFO 29432 [egg:core] dump config after load, 3ms
2020-02-18 11:43:17,175 INFO 29432 [egg-mongoose] starting...
2020-02-18 11:43:17,215 INFO 29432 [egg-mongoose] mongodb://127.0.0.1/lengband_blog connected successfully
2020-02-18 11:43:17,217 INFO 29432 [egg-mongoose] instance[0] start successfully
2020-02-18 11:43:17,220 INFO 29432 [egg-watcher:application] watcher start success
2020-02-18 11:43:17,230 INFO 29432 [egg:core] dump config after ready, 8ms
2020-02-18 11:44:09,054 INFO 29464 [egg:logger] init all loggers with options: {"dir":"/Users/wangpeng/learn/app/lengband-blog/lengband-blog-service-mongo/logs/lengband-blog-service-mongo","encoding":"utf8","env":"local","level":"INFO","consoleLevel":"INFO","disableConsoleAfterReady":false,"outputJSON":false,"buffer":true,"appLogName":"lengband-blog-service-mongo-web.log","coreLogName":"egg-web.log","agentLogName":"egg-agent.log","errorLogName":"common-error.log","coreLogger":{"consoleLevel":"WARN"},"allowDebugAtProd":false,"type":"application"}
2020-02-18 11:44:09,079 INFO 29464 [egg-multipart] stream mode enable
2020-02-18 11:44:09,423 INFO 29464 [egg-mongoose] connecting mongodb://127.0.0.1/lengband_blog
2020-02-18 11:44:09,516 INFO 29464 [egg-static] starting static serve /public/ -> /Users/wangpeng/learn/app/lengband-blog/lengband-blog-service-mongo/app/public
2020-02-18 11:44:09,519 INFO 29464 [egg-security] use methodnoallow middleware
2020-02-18 11:44:09,519 INFO 29464 [egg-security] use noopen middleware
2020-02-18 11:44:09,520 INFO 29464 [egg-security] use nosniff middleware
2020-02-18 11:44:09,521 INFO 29464 [egg-security] use xssProtection middleware
2020-02-18 11:44:09,522 INFO 29464 [egg-security] use xframe middleware
2020-02-18 11:44:09,522 INFO 29464 [egg-security] use dta middleware
2020-02-18 11:44:09,522 INFO 29464 [egg-security] compose 6 middlewares into one security middleware
2020-02-18 11:44:09,540 INFO 29464 [egg:core] dump config after load, 8ms
2020-02-18 11:44:09,544 INFO 29464 [egg-mongoose] starting...
2020-02-18 11:44:09,594 INFO 29464 [egg-mongoose] mongodb://127.0.0.1/lengband_blog connected successfully
2020-02-18 11:44:09,595 INFO 29464 [egg-mongoose] instance[0] start successfully
2020-02-18 11:44:09,598 INFO 29464 [egg-watcher:application] watcher start success
2020-02-18 11:44:09,618 INFO 29464 [egg:core] dump config after ready, 15ms
